  lab2_2021.cpp
E:\Учеба_курсы_политех\Лабораторные работы\lab2_2021.cpp(38,3): error C4235: использовано нестандартное расширение: ключевое слово "__asm" данной архитектурой не поддерживается
E:\Учеба_курсы_политех\Лабораторные работы\lab2_2021.cpp(38,3): error C2065: nop: необъявленный идентификатор
E:\Учеба_курсы_политех\Лабораторные работы\lab2_2021.cpp(39,2): error C2143: синтаксическая ошибка: отсутствие ";" перед "}"
E:\Учеба_курсы_политех\Лабораторные работы\lab2_2021.cpp(48,2): error C4235: использовано нестандартное расширение: ключевое слово "__asm" данной архитектурой не поддерживается
E:\Учеба_курсы_политех\Лабораторные работы\lab2_2021.cpp(48,2): error C2065: nop: необъявленный идентификатор
E:\Учеба_курсы_политех\Лабораторные работы\lab2_2021.cpp(49,2): error C2143: синтаксическая ошибка: отсутствие ";" перед "}"
E:\Учеба_курсы_политех\Лабораторные работы\lab2_2021.cpp(62,2): error C4235: использовано нестандартное расширение: ключевое слово "__asm" данной архитектурой не поддерживается
E:\Учеба_курсы_политех\Лабораторные работы\lab2_2021.cpp(62,2): error C2065: nop: необъявленный идентификатор
E:\Учеба_курсы_политех\Лабораторные работы\lab2_2021.cpp(63,2): error C2143: синтаксическая ошибка: отсутствие ";" перед "}"
E:\Учеба_курсы_политех\Лабораторные работы\lab2_2021.cpp(88,3): error C4235: использовано нестандартное расширение: ключевое слово "__asm" данной архитектурой не поддерживается
E:\Учеба_курсы_политех\Лабораторные работы\lab2_2021.cpp(88,3): error C2065: nop: необъявленный идентификатор
E:\Учеба_курсы_политех\Лабораторные работы\lab2_2021.cpp(89,2): error C2143: синтаксическая ошибка: отсутствие ";" перед "}"
E:\Учеба_курсы_политех\Лабораторные работы\lab2_2021.cpp(100,2): error C4235: использовано нестандартное расширение: ключевое слово "__asm" данной архитектурой не поддерживается
E:\Учеба_курсы_политех\Лабораторные работы\lab2_2021.cpp(100,2): error C2065: nop: необъявленный идентификатор
E:\Учеба_курсы_политех\Лабораторные работы\lab2_2021.cpp(101,2): error C2143: синтаксическая ошибка: отсутствие ";" перед "}"
E:\Учеба_курсы_политех\Лабораторные работы\lab2_2021.cpp(120,2): error C4235: использовано нестандартное расширение: ключевое слово "__asm" данной архитектурой не поддерживается
E:\Учеба_курсы_политех\Лабораторные работы\lab2_2021.cpp(120,2): error C2065: nop: необъявленный идентификатор
E:\Учеба_курсы_политех\Лабораторные работы\lab2_2021.cpp(121,2): error C2143: синтаксическая ошибка: отсутствие ";" перед "}"
E:\Учеба_курсы_политех\Лабораторные работы\lab2_2021.cpp(135,2): error C4235: использовано нестандартное расширение: ключевое слово "__asm" данной архитектурой не поддерживается
E:\Учеба_курсы_политех\Лабораторные работы\lab2_2021.cpp(135,2): error C2065: nop: необъявленный идентификатор
E:\Учеба_курсы_политех\Лабораторные работы\lab2_2021.cpp(136,2): error C2143: синтаксическая ошибка: отсутствие ";" перед "}"
E:\Учеба_курсы_политех\Лабораторные работы\lab2_2021.cpp(144,2): error C4235: использовано нестандартное расширение: ключевое слово "__asm" данной архитектурой не поддерживается
E:\Учеба_курсы_политех\Лабораторные работы\lab2_2021.cpp(144,2): error C2065: nop: необъявленный идентификатор
E:\Учеба_курсы_политех\Лабораторные работы\lab2_2021.cpp(145,2): error C2143: синтаксическая ошибка: отсутствие ";" перед "}"
E:\Учеба_курсы_политех\Лабораторные работы\lab2_2021.cpp(157,2): error C4235: использовано нестандартное расширение: ключевое слово "__asm" данной архитектурой не поддерживается
E:\Учеба_курсы_политех\Лабораторные работы\lab2_2021.cpp(161,2): error C4235: использовано нестандартное расширение: ключевое слово "__asm" данной архитектурой не поддерживается
E:\Учеба_курсы_политех\Лабораторные работы\lab2_2021.cpp(164,2): error C4235: использовано нестандартное расширение: ключевое слово "__asm" данной архитектурой не поддерживается
E:\Учеба_курсы_политех\Лабораторные работы\lab2_2021.cpp(157,2): error C2065: nop: необъявленный идентификатор
E:\Учеба_курсы_политех\Лабораторные работы\lab2_2021.cpp(161,2): error C2146: синтаксическая ошибка: отсутствие ";" перед идентификатором "nop"
E:\Учеба_курсы_политех\Лабораторные работы\lab2_2021.cpp(161,2): error C2065: nop: необъявленный идентификатор
E:\Учеба_курсы_политех\Лабораторные работы\lab2_2021.cpp(164,2): error C2146: синтаксическая ошибка: отсутствие ";" перед идентификатором "nop"
E:\Учеба_курсы_политех\Лабораторные работы\lab2_2021.cpp(164,2): error C2065: nop: необъявленный идентификатор
E:\Учеба_курсы_политех\Лабораторные работы\lab2_2021.cpp(165,2): error C2143: синтаксическая ошибка: отсутствие ";" перед "}"
E:\Учеба_курсы_политех\Лабораторные работы\lab2_2021.cpp(180,2): error C4235: использовано нестандартное расширение: ключевое слово "__asm" данной архитектурой не поддерживается
E:\Учеба_курсы_политех\Лабораторные работы\lab2_2021.cpp(180,2): error C2065: nop: необъявленный идентификатор
E:\Учеба_курсы_политех\Лабораторные работы\lab2_2021.cpp(181,2): error C2143: синтаксическая ошибка: отсутствие ";" перед "}"
E:\Учеба_курсы_политех\Лабораторные работы\lab2_2021.cpp(213,3): error C4235: использовано нестандартное расширение: ключевое слово "__asm" данной архитектурой не поддерживается
E:\Учеба_курсы_политех\Лабораторные работы\lab2_2021.cpp(213,3): error C2065: nop: необъявленный идентификатор
E:\Учеба_курсы_политех\Лабораторные работы\lab2_2021.cpp(214,2): error C2143: синтаксическая ошибка: отсутствие ";" перед "}"
E:\Учеба_курсы_политех\Лабораторные работы\lab2_2021.cpp(226,16): warning C4309: инициализация: усечение константного значения
E:\Учеба_курсы_политех\Лабораторные работы\lab2_2021.cpp(241,3): error C4235: использовано нестандартное расширение: ключевое слово "__asm" данной архитектурой не поддерживается
E:\Учеба_курсы_политех\Лабораторные работы\lab2_2021.cpp(241,3): error C2065: nop: необъявленный идентификатор
E:\Учеба_курсы_политех\Лабораторные работы\lab2_2021.cpp(242,2): error C2143: синтаксическая ошибка: отсутствие ";" перед "}"
